2023-02-10 15:20:10,604 INFO [main] o.s.d.r.c.RepositoryConfigurationDelegate [RepositoryConfigurationDelegate.java:138] -- Bootstrapping Spring Data JPA repositories in DEFAULT mode.
2023-02-10 15:20:10,738 INFO [main] o.s.d.r.c.RepositoryConfigurationDelegate [RepositoryConfigurationDelegate.java:208] -- Finished Spring Data repository scanning in 105 ms. Found 1 JPA repository interfaces.
2023-02-10 15:20:12,331 INFO [main] o.s.b.w.e.t.TomcatWebServer [TomcatWebServer.java:108] -- Tomcat initialized with port(s): 8080 (http)
2023-02-10 15:20:12,352 INFO [main] o.a.c.h.Http11NioProtocol [DirectJDKLog.java:173] -- Initializing ProtocolHandler ["http-nio-8080"]
2023-02-10 15:20:12,355 INFO [main] o.a.c.c.StandardService [DirectJDKLog.java:173] -- Starting service [Tomcat]
2023-02-10 15:20:12,356 INFO [main] o.a.c.c.StandardEngine [DirectJDKLog.java:173] -- Starting Servlet engine: [Apache Tomcat/10.1.5]
2023-02-10 15:20:12,583 INFO [main] o.a.c.c.C.[.[.[/servermock] [DirectJDKLog.java:173] -- Initializing Spring embedded WebApplicationContext
2023-02-10 15:20:12,584 INFO [main] o.s.b.w.s.c.ServletWebServerApplicationContext [ServletWebServerApplicationContext.java:291] -- Root WebApplicationContext: initialization completed in 3037 ms
2023-02-10 15:20:12,782 INFO [main] c.z.h.HikariDataSource [HikariDataSource.java:110] -- HikariPool-1 - Starting...
2023-02-10 15:20:13,257 INFO [main] c.z.h.p.HikariPool [HikariPool.java:565] -- HikariPool-1 - Added connection conn0: url=jdbc:h2:mem:learningtools user=SA
2023-02-10 15:20:13,263 INFO [main] c.z.h.HikariDataSource [HikariDataSource.java:123] -- HikariPool-1 - Start completed.
2023-02-10 15:20:13,305 INFO [main] o.s.b.a.h.H2ConsoleAutoConfiguration [H2ConsoleAutoConfiguration.java:88] -- H2 console available at '/h2-console'. Database available at 'jdbc:h2:mem:learningtools'
2023-02-10 15:20:13,579 INFO [main] o.h.j.i.u.LogHelper [LogHelper.java:31] -- HHH000204: Processing PersistenceUnitInfo [name: default]
2023-02-10 15:20:13,720 INFO [main] o.h.Version [Version.java:44] -- HHH000412: Hibernate ORM core version 6.1.6.Final
2023-02-10 15:20:14,162 WARN [main] o.h.o.deprecation [MetadataBuilderImpl.java:626] -- HHH90000021: Encountered deprecated setting [javax.persistence.sharedCache.mode], use [jakarta.persistence.sharedCache.mode] instead
2023-02-10 15:20:14,528 INFO [main] SQL dialect [DialectFactoryImpl.java:66] -- HHH000400: Using dialect: org.hibernate.dialect.H2Dialect
2023-02-10 15:20:16,919 INFO [main] o.h.e.t.j.p.i.JtaPlatformInitiator [JtaPlatformInitiator.java:51] -- HHH000490: Using JtaPlatform implementation: [org.hibernate.engine.transaction.jta.platform.internal.NoJtaPlatform]
2023-02-10 15:20:16,945 INFO [main] o.s.o.j.LocalContainerEntityManagerFactoryBean [AbstractEntityManagerFactoryBean.java:437] -- Initialized JPA EntityManagerFactory for persistence unit 'default'
2023-02-10 15:20:17,848 WARN [main] o.s.b.a.o.j.JpaBaseConfiguration$JpaWebConfiguration [JpaBaseConfiguration.java:227] -- spring.jpa.open-in-view is enabled by default. Therefore, database queries may be performed during view rendering. Explicitly configure spring.jpa.open-in-view to disable this warning
2023-02-10 15:20:18,662 INFO [main] o.a.c.h.Http11NioProtocol [DirectJDKLog.java:173] -- Starting ProtocolHandler ["http-nio-8080"]
2023-02-10 15:20:18,722 INFO [main] o.s.b.w.e.t.TomcatWebServer [TomcatWebServer.java:220] -- Tomcat started on port(s): 8080 (http) with context path '/servermock'
2023-02-10 15:26:05,739 INFO [http-nio-8080-exec-8] o.a.c.c.C.[.[.[/servermock] [DirectJDKLog.java:173] -- Initializing Spring DispatcherServlet 'dispatcherServlet'
2023-02-10 15:26:05,741 INFO [http-nio-8080-exec-8] o.s.w.s.DispatcherServlet [FrameworkServlet.java:532] -- Initializing Servlet 'dispatcherServlet'
2023-02-10 15:26:05,746 INFO [http-nio-8080-exec-8] o.s.w.s.DispatcherServlet [FrameworkServlet.java:554] -- Completed initialization in 5 ms
2023-02-10 15:27:22,893 WARN [HikariPool-1 housekeeper] c.z.h.p.HikariPool [HikariPool.java:804] -- HikariPool-1 - Thread starvation or clock leap detected (housekeeper delta=1m4s450ms106µs200ns).
2023-02-10 15:28:13,819 WARN [HikariPool-1 housekeeper] c.z.h.p.HikariPool [HikariPool.java:804] -- HikariPool-1 - Thread starvation or clock leap detected (housekeeper delta=50s926ms126µs800ns).
2023-02-10 15:33:30,222 WARN [HikariPool-1 housekeeper] c.z.h.p.HikariPool [HikariPool.java:804] -- HikariPool-1 - Thread starvation or clock leap detected (housekeeper delta=5m16s402ms938µs400ns).
2023-02-10 15:35:21,410 INFO [SpringApplicationShutdownHook] o.s.o.j.LocalContainerEntityManagerFactoryBean [AbstractEntityManagerFactoryBean.java:650] -- Closing JPA EntityManagerFactory for persistence unit 'default'
2023-02-10 15:35:21,412 INFO [SpringApplicationShutdownHook] o.h.t.s.i.SchemaDropperImpl$DelayedDropActionImpl [SchemaDropperImpl.java:585] -- HHH000477: Starting delayed evictData of schema as part of SessionFactory shut-down'
2023-02-10 15:35:21,695 INFO [SpringApplicationShutdownHook] c.z.h.HikariDataSource [HikariDataSource.java:350] -- HikariPool-1 - Shutdown initiated...
2023-02-10 15:35:21,701 INFO [SpringApplicationShutdownHook] c.z.h.HikariDataSource [HikariDataSource.java:352] -- HikariPool-1 - Shutdown completed.
2023-02-10 15:37:06,316 INFO [main] o.s.d.r.c.RepositoryConfigurationDelegate [RepositoryConfigurationDelegate.java:138] -- Bootstrapping Spring Data JPA repositories in DEFAULT mode.
2023-02-10 15:37:06,452 INFO [main] o.s.d.r.c.RepositoryConfigurationDelegate [RepositoryConfigurationDelegate.java:208] -- Finished Spring Data repository scanning in 110 ms. Found 1 JPA repository interfaces.
2023-02-10 15:37:08,063 INFO [main] o.s.b.w.e.t.TomcatWebServer [TomcatWebServer.java:108] -- Tomcat initialized with port(s): 8080 (http)
2023-02-10 15:37:08,086 INFO [main] o.a.c.h.Http11NioProtocol [DirectJDKLog.java:173] -- Initializing ProtocolHandler ["http-nio-8080"]
2023-02-10 15:37:08,089 INFO [main] o.a.c.c.StandardService [DirectJDKLog.java:173] -- Starting service [Tomcat]
2023-02-10 15:37:08,091 INFO [main] o.a.c.c.StandardEngine [DirectJDKLog.java:173] -- Starting Servlet engine: [Apache Tomcat/10.1.5]
2023-02-10 15:37:08,341 INFO [main] o.a.c.c.C.[.[.[/servermock] [DirectJDKLog.java:173] -- Initializing Spring embedded WebApplicationContext
2023-02-10 15:37:08,343 INFO [main] o.s.b.w.s.c.ServletWebServerApplicationContext [ServletWebServerApplicationContext.java:291] -- Root WebApplicationContext: initialization completed in 3007 ms
2023-02-10 15:37:08,555 INFO [main] c.z.h.HikariDataSource [HikariDataSource.java:110] -- HikariPool-1 - Starting...
2023-02-10 15:37:09,076 INFO [main] c.z.h.p.HikariPool [HikariPool.java:565] -- HikariPool-1 - Added connection conn0: url=jdbc:h2:mem:learningtools user=SA
2023-02-10 15:37:09,081 INFO [main] c.z.h.HikariDataSource [HikariDataSource.java:123] -- HikariPool-1 - Start completed.
2023-02-10 15:37:09,123 INFO [main] o.s.b.a.h.H2ConsoleAutoConfiguration [H2ConsoleAutoConfiguration.java:88] -- H2 console available at '/h2-console'. Database available at 'jdbc:h2:mem:learningtools'
2023-02-10 15:37:09,388 INFO [main] o.h.j.i.u.LogHelper [LogHelper.java:31] -- HHH000204: Processing PersistenceUnitInfo [name: default]
2023-02-10 15:37:09,586 INFO [main] o.h.Version [Version.java:44] -- HHH000412: Hibernate ORM core version 6.1.6.Final
2023-02-10 15:37:10,127 WARN [main] o.h.o.deprecation [MetadataBuilderImpl.java:626] -- HHH90000021: Encountered deprecated setting [javax.persistence.sharedCache.mode], use [jakarta.persistence.sharedCache.mode] instead
2023-02-10 15:37:10,530 INFO [main] SQL dialect [DialectFactoryImpl.java:66] -- HHH000400: Using dialect: org.hibernate.dialect.H2Dialect
2023-02-10 15:37:12,955 INFO [main] o.h.e.t.j.p.i.JtaPlatformInitiator [JtaPlatformInitiator.java:51] -- HHH000490: Using JtaPlatform implementation: [org.hibernate.engine.transaction.jta.platform.internal.NoJtaPlatform]
2023-02-10 15:37:12,985 INFO [main] o.s.o.j.LocalContainerEntityManagerFactoryBean [AbstractEntityManagerFactoryBean.java:437] -- Initialized JPA EntityManagerFactory for persistence unit 'default'
2023-02-10 15:37:13,774 WARN [main] o.s.b.a.o.j.JpaBaseConfiguration$JpaWebConfiguration [JpaBaseConfiguration.java:227] -- spring.jpa.open-in-view is enabled by default. Therefore, database queries may be performed during view rendering. Explicitly configure spring.jpa.open-in-view to disable this warning
2023-02-10 15:37:14,507 INFO [main] o.a.c.h.Http11NioProtocol [DirectJDKLog.java:173] -- Starting ProtocolHandler ["http-nio-8080"]
2023-02-10 15:37:14,558 INFO [main] o.s.b.w.e.t.TomcatWebServer [TomcatWebServer.java:220] -- Tomcat started on port(s): 8080 (http) with context path '/servermock'
2023-02-10 15:37:38,089 INFO [http-nio-8080-exec-1] o.a.c.c.C.[.[.[/servermock] [DirectJDKLog.java:173] -- Initializing Spring DispatcherServlet 'dispatcherServlet'
2023-02-10 15:37:38,090 INFO [http-nio-8080-exec-1] o.s.w.s.DispatcherServlet [FrameworkServlet.java:532] -- Initializing Servlet 'dispatcherServlet'
2023-02-10 15:37:38,093 INFO [http-nio-8080-exec-1] o.s.w.s.DispatcherServlet [FrameworkServlet.java:554] -- Completed initialization in 2 ms
2023-02-10 15:40:34,094 INFO [SpringApplicationShutdownHook] o.s.o.j.LocalContainerEntityManagerFactoryBean [AbstractEntityManagerFactoryBean.java:650] -- Closing JPA EntityManagerFactory for persistence unit 'default'
2023-02-10 15:40:34,096 INFO [SpringApplicationShutdownHook] o.h.t.s.i.SchemaDropperImpl$DelayedDropActionImpl [SchemaDropperImpl.java:585] -- HHH000477: Starting delayed evictData of schema as part of SessionFactory shut-down'
2023-02-10 15:40:34,277 INFO [SpringApplicationShutdownHook] c.z.h.HikariDataSource [HikariDataSource.java:350] -- HikariPool-1 - Shutdown initiated...
2023-02-10 15:40:34,287 INFO [SpringApplicationShutdownHook] c.z.h.HikariDataSource [HikariDataSource.java:352] -- HikariPool-1 - Shutdown completed.
2023-02-10 15:49:42,553 INFO [main] o.s.d.r.c.RepositoryConfigurationDelegate [RepositoryConfigurationDelegate.java:138] -- Bootstrapping Spring Data JPA repositories in DEFAULT mode.
2023-02-10 15:49:42,700 INFO [main] o.s.d.r.c.RepositoryConfigurationDelegate [RepositoryConfigurationDelegate.java:208] -- Finished Spring Data repository scanning in 120 ms. Found 1 JPA repository interfaces.
2023-02-10 15:49:44,498 INFO [main] o.s.b.w.e.t.TomcatWebServer [TomcatWebServer.java:108] -- Tomcat initialized with port(s): 8080 (http)
2023-02-10 15:49:44,521 INFO [main] o.a.c.h.Http11NioProtocol [DirectJDKLog.java:173] -- Initializing ProtocolHandler ["http-nio-8080"]
2023-02-10 15:49:44,523 INFO [main] o.a.c.c.StandardService [DirectJDKLog.java:173] -- Starting service [Tomcat]
2023-02-10 15:49:44,525 INFO [main] o.a.c.c.StandardEngine [DirectJDKLog.java:173] -- Starting Servlet engine: [Apache Tomcat/10.1.5]
2023-02-10 15:49:44,799 INFO [main] o.a.c.c.C.[.[.[/servermock] [DirectJDKLog.java:173] -- Initializing Spring embedded WebApplicationContext
2023-02-10 15:49:44,800 INFO [main] o.s.b.w.s.c.ServletWebServerApplicationContext [ServletWebServerApplicationContext.java:291] -- Root WebApplicationContext: initialization completed in 3311 ms
2023-02-10 15:49:45,000 INFO [main] c.z.h.HikariDataSource [HikariDataSource.java:110] -- HikariPool-1 - Starting...
2023-02-10 15:49:45,613 INFO [main] c.z.h.p.HikariPool [HikariPool.java:565] -- HikariPool-1 - Added connection conn0: url=jdbc:h2:mem:learningtools user=SA
2023-02-10 15:49:45,618 INFO [main] c.z.h.HikariDataSource [HikariDataSource.java:123] -- HikariPool-1 - Start completed.
2023-02-10 15:49:45,670 INFO [main] o.s.b.a.h.H2ConsoleAutoConfiguration [H2ConsoleAutoConfiguration.java:88] -- H2 console available at '/h2-console'. Database available at 'jdbc:h2:mem:learningtools'
2023-02-10 15:49:45,961 INFO [main] o.h.j.i.u.LogHelper [LogHelper.java:31] -- HHH000204: Processing PersistenceUnitInfo [name: default]
2023-02-10 15:49:46,157 INFO [main] o.h.Version [Version.java:44] -- HHH000412: Hibernate ORM core version 6.1.6.Final
2023-02-10 15:49:46,716 WARN [main] o.h.o.deprecation [MetadataBuilderImpl.java:626] -- HHH90000021: Encountered deprecated setting [javax.persistence.sharedCache.mode], use [jakarta.persistence.sharedCache.mode] instead
2023-02-10 15:49:47,167 INFO [main] SQL dialect [DialectFactoryImpl.java:66] -- HHH000400: Using dialect: org.hibernate.dialect.H2Dialect
2023-02-10 15:49:49,793 INFO [main] o.h.e.t.j.p.i.JtaPlatformInitiator [JtaPlatformInitiator.java:51] -- HHH000490: Using JtaPlatform implementation: [org.hibernate.engine.transaction.jta.platform.internal.NoJtaPlatform]
2023-02-10 15:49:49,823 INFO [main] o.s.o.j.LocalContainerEntityManagerFactoryBean [AbstractEntityManagerFactoryBean.java:437] -- Initialized JPA EntityManagerFactory for persistence unit 'default'
2023-02-10 15:49:50,818 WARN [main] o.s.b.a.o.j.JpaBaseConfiguration$JpaWebConfiguration [JpaBaseConfiguration.java:227] -- spring.jpa.open-in-view is enabled by default. Therefore, database queries may be performed during view rendering. Explicitly configure spring.jpa.open-in-view to disable this warning
2023-02-10 15:49:51,625 INFO [main] o.a.c.h.Http11NioProtocol [DirectJDKLog.java:173] -- Starting ProtocolHandler ["http-nio-8080"]
2023-02-10 15:49:51,701 INFO [main] o.s.b.w.e.t.TomcatWebServer [TomcatWebServer.java:220] -- Tomcat started on port(s): 8080 (http) with context path '/servermock'
2023-02-10 15:49:57,932 INFO [http-nio-8080-exec-1] o.a.c.c.C.[.[.[/servermock] [DirectJDKLog.java:173] -- Initializing Spring DispatcherServlet 'dispatcherServlet'
2023-02-10 15:49:57,936 INFO [http-nio-8080-exec-1] o.s.w.s.DispatcherServlet [FrameworkServlet.java:532] -- Initializing Servlet 'dispatcherServlet'
2023-02-10 15:49:57,938 INFO [http-nio-8080-exec-1] o.s.w.s.DispatcherServlet [FrameworkServlet.java:554] -- Completed initialization in 2 ms
2023-02-10 15:51:31,788 INFO [SpringApplicationShutdownHook] o.s.o.j.LocalContainerEntityManagerFactoryBean [AbstractEntityManagerFactoryBean.java:650] -- Closing JPA EntityManagerFactory for persistence unit 'default'
2023-02-10 15:51:31,789 INFO [SpringApplicationShutdownHook] o.h.t.s.i.SchemaDropperImpl$DelayedDropActionImpl [SchemaDropperImpl.java:585] -- HHH000477: Starting delayed evictData of schema as part of SessionFactory shut-down'
2023-02-10 15:51:32,031 INFO [SpringApplicationShutdownHook] c.z.h.HikariDataSource [HikariDataSource.java:350] -- HikariPool-1 - Shutdown initiated...
2023-02-10 15:51:32,038 INFO [SpringApplicationShutdownHook] c.z.h.HikariDataSource [HikariDataSource.java:352] -- HikariPool-1 - Shutdown completed.
2023-02-10 15:52:32,380 INFO [main] o.s.d.r.c.RepositoryConfigurationDelegate [RepositoryConfigurationDelegate.java:138] -- Bootstrapping Spring Data JPA repositories in DEFAULT mode.
2023-02-10 15:52:32,492 INFO [main] o.s.d.r.c.RepositoryConfigurationDelegate [RepositoryConfigurationDelegate.java:208] -- Finished Spring Data repository scanning in 88 ms. Found 1 JPA repository interfaces.
2023-02-10 15:52:34,113 INFO [main] o.s.b.w.e.t.TomcatWebServer [TomcatWebServer.java:108] -- Tomcat initialized with port(s): 8080 (http)
2023-02-10 15:52:34,139 INFO [main] o.a.c.h.Http11NioProtocol [DirectJDKLog.java:173] -- Initializing ProtocolHandler ["http-nio-8080"]
2023-02-10 15:52:34,141 INFO [main] o.a.c.c.StandardService [DirectJDKLog.java:173] -- Starting service [Tomcat]
2023-02-10 15:52:34,142 INFO [main] o.a.c.c.StandardEngine [DirectJDKLog.java:173] -- Starting Servlet engine: [Apache Tomcat/10.1.5]
2023-02-10 15:52:34,375 INFO [main] o.a.c.c.C.[.[.[/servermock] [DirectJDKLog.java:173] -- Initializing Spring embedded WebApplicationContext
2023-02-10 15:52:34,376 INFO [main] o.s.b.w.s.c.ServletWebServerApplicationContext [ServletWebServerApplicationContext.java:291] -- Root WebApplicationContext: initialization completed in 3000 ms
2023-02-10 15:52:34,556 INFO [main] c.z.h.HikariDataSource [HikariDataSource.java:110] -- HikariPool-1 - Starting...
2023-02-10 15:52:35,048 INFO [main] c.z.h.p.HikariPool [HikariPool.java:565] -- HikariPool-1 - Added connection conn0: url=jdbc:h2:mem:learningtools user=SA
2023-02-10 15:52:35,054 INFO [main] c.z.h.HikariDataSource [HikariDataSource.java:123] -- HikariPool-1 - Start completed.
2023-02-10 15:52:35,101 INFO [main] o.s.b.a.h.H2ConsoleAutoConfiguration [H2ConsoleAutoConfiguration.java:88] -- H2 console available at '/h2-console'. Database available at 'jdbc:h2:mem:learningtools'
2023-02-10 15:52:35,371 INFO [main] o.h.j.i.u.LogHelper [LogHelper.java:31] -- HHH000204: Processing PersistenceUnitInfo [name: default]
2023-02-10 15:52:35,513 INFO [main] o.h.Version [Version.java:44] -- HHH000412: Hibernate ORM core version 6.1.6.Final
2023-02-10 15:52:35,955 WARN [main] o.h.o.deprecation [MetadataBuilderImpl.java:626] -- HHH90000021: Encountered deprecated setting [javax.persistence.sharedCache.mode], use [jakarta.persistence.sharedCache.mode] instead
2023-02-10 15:52:36,334 INFO [main] SQL dialect [DialectFactoryImpl.java:66] -- HHH000400: Using dialect: org.hibernate.dialect.H2Dialect
2023-02-10 15:52:38,660 INFO [main] o.h.e.t.j.p.i.JtaPlatformInitiator [JtaPlatformInitiator.java:51] -- HHH000490: Using JtaPlatform implementation: [org.hibernate.engine.transaction.jta.platform.internal.NoJtaPlatform]
2023-02-10 15:52:38,689 INFO [main] o.s.o.j.LocalContainerEntityManagerFactoryBean [AbstractEntityManagerFactoryBean.java:437] -- Initialized JPA EntityManagerFactory for persistence unit 'default'
2023-02-10 15:52:39,551 WARN [main] o.s.b.a.o.j.JpaBaseConfiguration$JpaWebConfiguration [JpaBaseConfiguration.java:227] -- spring.jpa.open-in-view is enabled by default. Therefore, database queries may be performed during view rendering. Explicitly configure spring.jpa.open-in-view to disable this warning
2023-02-10 15:52:40,296 INFO [main] o.a.c.h.Http11NioProtocol [DirectJDKLog.java:173] -- Starting ProtocolHandler ["http-nio-8080"]
2023-02-10 15:52:40,353 INFO [main] o.s.b.w.e.t.TomcatWebServer [TomcatWebServer.java:220] -- Tomcat started on port(s): 8080 (http) with context path '/servermock'
2023-02-10 15:52:48,536 INFO [http-nio-8080-exec-1] o.a.c.c.C.[.[.[/servermock] [DirectJDKLog.java:173] -- Initializing Spring DispatcherServlet 'dispatcherServlet'
2023-02-10 15:52:48,537 INFO [http-nio-8080-exec-1] o.s.w.s.DispatcherServlet [FrameworkServlet.java:532] -- Initializing Servlet 'dispatcherServlet'
2023-02-10 15:52:48,539 INFO [http-nio-8080-exec-1] o.s.w.s.DispatcherServlet [FrameworkServlet.java:554] -- Completed initialization in 1 ms
2023-02-10 15:53:26,777 INFO [SpringApplicationShutdownHook] o.s.o.j.LocalContainerEntityManagerFactoryBean [AbstractEntityManagerFactoryBean.java:650] -- Closing JPA EntityManagerFactory for persistence unit 'default'
2023-02-10 15:53:26,778 INFO [SpringApplicationShutdownHook] o.h.t.s.i.SchemaDropperImpl$DelayedDropActionImpl [SchemaDropperImpl.java:585] -- HHH000477: Starting delayed evictData of schema as part of SessionFactory shut-down'
2023-02-10 15:53:27,176 INFO [SpringApplicationShutdownHook] c.z.h.HikariDataSource [HikariDataSource.java:350] -- HikariPool-1 - Shutdown initiated...
2023-02-10 15:53:27,200 INFO [SpringApplicationShutdownHook] c.z.h.HikariDataSource [HikariDataSource.java:352] -- HikariPool-1 - Shutdown completed.
2023-02-10 15:57:01,126 INFO [main] o.s.d.r.c.RepositoryConfigurationDelegate [RepositoryConfigurationDelegate.java:138] -- Bootstrapping Spring Data JPA repositories in DEFAULT mode.
2023-02-10 15:57:01,263 INFO [main] o.s.d.r.c.RepositoryConfigurationDelegate [RepositoryConfigurationDelegate.java:208] -- Finished Spring Data repository scanning in 113 ms. Found 1 JPA repository interfaces.
2023-02-10 15:57:02,940 INFO [main] o.s.b.w.e.t.TomcatWebServer [TomcatWebServer.java:108] -- Tomcat initialized with port(s): 8080 (http)
2023-02-10 15:57:02,965 INFO [main] o.a.c.h.Http11NioProtocol [DirectJDKLog.java:173] -- Initializing ProtocolHandler ["http-nio-8080"]
2023-02-10 15:57:02,971 INFO [main] o.a.c.c.StandardService [DirectJDKLog.java:173] -- Starting service [Tomcat]
2023-02-10 15:57:02,975 INFO [main] o.a.c.c.StandardEngine [DirectJDKLog.java:173] -- Starting Servlet engine: [Apache Tomcat/10.1.5]
2023-02-10 15:57:03,229 INFO [main] o.a.c.c.C.[.[.[/servermock] [DirectJDKLog.java:173] -- Initializing Spring embedded WebApplicationContext
2023-02-10 15:57:03,231 INFO [main] o.s.b.w.s.c.ServletWebServerApplicationContext [ServletWebServerApplicationContext.java:291] -- Root WebApplicationContext: initialization completed in 3173 ms
2023-02-10 15:57:03,445 INFO [main] c.z.h.HikariDataSource [HikariDataSource.java:110] -- HikariPool-1 - Starting...
2023-02-10 15:57:03,956 INFO [main] c.z.h.p.HikariPool [HikariPool.java:565] -- HikariPool-1 - Added connection conn0: url=jdbc:h2:mem:learningtools user=SA
2023-02-10 15:57:03,965 INFO [main] c.z.h.HikariDataSource [HikariDataSource.java:123] -- HikariPool-1 - Start completed.
2023-02-10 15:57:04,007 INFO [main] o.s.b.a.h.H2ConsoleAutoConfiguration [H2ConsoleAutoConfiguration.java:88] -- H2 console available at '/h2-console'. Database available at 'jdbc:h2:mem:learningtools'
2023-02-10 15:57:04,294 INFO [main] o.h.j.i.u.LogHelper [LogHelper.java:31] -- HHH000204: Processing PersistenceUnitInfo [name: default]
2023-02-10 15:57:04,449 INFO [main] o.h.Version [Version.java:44] -- HHH000412: Hibernate ORM core version 6.1.6.Final
2023-02-10 15:57:04,994 WARN [main] o.h.o.deprecation [MetadataBuilderImpl.java:626] -- HHH90000021: Encountered deprecated setting [javax.persistence.sharedCache.mode], use [jakarta.persistence.sharedCache.mode] instead
2023-02-10 15:57:05,438 INFO [main] SQL dialect [DialectFactoryImpl.java:66] -- HHH000400: Using dialect: org.hibernate.dialect.H2Dialect
2023-02-10 15:57:08,151 INFO [main] o.h.e.t.j.p.i.JtaPlatformInitiator [JtaPlatformInitiator.java:51] -- HHH000490: Using JtaPlatform implementation: [org.hibernate.engine.transaction.jta.platform.internal.NoJtaPlatform]
2023-02-10 15:57:08,182 INFO [main] o.s.o.j.LocalContainerEntityManagerFactoryBean [AbstractEntityManagerFactoryBean.java:437] -- Initialized JPA EntityManagerFactory for persistence unit 'default'
2023-02-10 15:57:09,158 WARN [main] o.s.b.a.o.j.JpaBaseConfiguration$JpaWebConfiguration [JpaBaseConfiguration.java:227] -- spring.jpa.open-in-view is enabled by default. Therefore, database queries may be performed during view rendering. Explicitly configure spring.jpa.open-in-view to disable this warning
2023-02-10 15:57:10,082 INFO [main] o.a.c.h.Http11NioProtocol [DirectJDKLog.java:173] -- Starting ProtocolHandler ["http-nio-8080"]
2023-02-10 15:57:10,148 INFO [main] o.s.b.w.e.t.TomcatWebServer [TomcatWebServer.java:220] -- Tomcat started on port(s): 8080 (http) with context path '/servermock'
2023-02-10 15:57:46,080 INFO [http-nio-8080-exec-1] o.a.c.c.C.[.[.[/servermock] [DirectJDKLog.java:173] -- Initializing Spring DispatcherServlet 'dispatcherServlet'
2023-02-10 15:57:46,081 INFO [http-nio-8080-exec-1] o.s.w.s.DispatcherServlet [FrameworkServlet.java:532] -- Initializing Servlet 'dispatcherServlet'
2023-02-10 15:57:46,084 INFO [http-nio-8080-exec-1] o.s.w.s.DispatcherServlet [FrameworkServlet.java:554] -- Completed initialization in 1 ms
2023-02-10 15:58:50,792 WARN [HikariPool-1 housekeeper] c.z.h.p.HikariPool [HikariPool.java:804] -- HikariPool-1 - Thread starvation or clock leap detected (housekeeper delta=45s988ms233µs600ns).
2023-02-10 15:59:33,612 INFO [SpringApplicationShutdownHook] o.s.o.j.LocalContainerEntityManagerFactoryBean [AbstractEntityManagerFactoryBean.java:650] -- Closing JPA EntityManagerFactory for persistence unit 'default'
2023-02-10 15:59:33,613 INFO [SpringApplicationShutdownHook] o.h.t.s.i.SchemaDropperImpl$DelayedDropActionImpl [SchemaDropperImpl.java:585] -- HHH000477: Starting delayed evictData of schema as part of SessionFactory shut-down'
2023-02-10 15:59:33,854 INFO [SpringApplicationShutdownHook] c.z.h.HikariDataSource [HikariDataSource.java:350] -- HikariPool-1 - Shutdown initiated...
2023-02-10 15:59:33,885 INFO [SpringApplicationShutdownHook] c.z.h.HikariDataSource [HikariDataSource.java:352] -- HikariPool-1 - Shutdown completed.
2023-02-10 16:01:46,464 INFO [main] o.s.d.r.c.RepositoryConfigurationDelegate [RepositoryConfigurationDelegate.java:138] -- Bootstrapping Spring Data JPA repositories in DEFAULT mode.
2023-02-10 16:01:46,577 INFO [main] o.s.d.r.c.RepositoryConfigurationDelegate [RepositoryConfigurationDelegate.java:208] -- Finished Spring Data repository scanning in 90 ms. Found 1 JPA repository interfaces.
2023-02-10 16:01:48,275 INFO [main] o.s.b.w.e.t.TomcatWebServer [TomcatWebServer.java:108] -- Tomcat initialized with port(s): 8080 (http)
2023-02-10 16:01:48,304 INFO [main] o.a.c.h.Http11NioProtocol [DirectJDKLog.java:173] -- Initializing ProtocolHandler ["http-nio-8080"]
2023-02-10 16:01:48,310 INFO [main] o.a.c.c.StandardService [DirectJDKLog.java:173] -- Starting service [Tomcat]
2023-02-10 16:01:48,313 INFO [main] o.a.c.c.StandardEngine [DirectJDKLog.java:173] -- Starting Servlet engine: [Apache Tomcat/10.1.5]
2023-02-10 16:01:48,569 INFO [main] o.a.c.c.C.[.[.[/servermock] [DirectJDKLog.java:173] -- Initializing Spring embedded WebApplicationContext
2023-02-10 16:01:48,570 INFO [main] o.s.b.w.s.c.ServletWebServerApplicationContext [ServletWebServerApplicationContext.java:291] -- Root WebApplicationContext: initialization completed in 3160 ms
2023-02-10 16:01:48,850 INFO [main] c.z.h.HikariDataSource [HikariDataSource.java:110] -- HikariPool-1 - Starting...
2023-02-10 16:01:49,538 INFO [main] c.z.h.p.HikariPool [HikariPool.java:565] -- HikariPool-1 - Added connection conn0: url=jdbc:h2:mem:learningtools user=SA
2023-02-10 16:01:49,543 INFO [main] c.z.h.HikariDataSource [HikariDataSource.java:123] -- HikariPool-1 - Start completed.
2023-02-10 16:01:49,601 INFO [main] o.s.b.a.h.H2ConsoleAutoConfiguration [H2ConsoleAutoConfiguration.java:88] -- H2 console available at '/h2-console'. Database available at 'jdbc:h2:mem:learningtools'
2023-02-10 16:01:50,034 INFO [main] o.h.j.i.u.LogHelper [LogHelper.java:31] -- HHH000204: Processing PersistenceUnitInfo [name: default]
2023-02-10 16:01:50,237 INFO [main] o.h.Version [Version.java:44] -- HHH000412: Hibernate ORM core version 6.1.6.Final
2023-02-10 16:01:51,001 WARN [main] o.h.o.deprecation [MetadataBuilderImpl.java:626] -- HHH90000021: Encountered deprecated setting [javax.persistence.sharedCache.mode], use [jakarta.persistence.sharedCache.mode] instead
2023-02-10 16:01:51,604 INFO [main] SQL dialect [DialectFactoryImpl.java:66] -- HHH000400: Using dialect: org.hibernate.dialect.H2Dialect
2023-02-10 16:01:54,138 INFO [main] o.h.e.t.j.p.i.JtaPlatformInitiator [JtaPlatformInitiator.java:51] -- HHH000490: Using JtaPlatform implementation: [org.hibernate.engine.transaction.jta.platform.internal.NoJtaPlatform]
2023-02-10 16:01:54,164 INFO [main] o.s.o.j.LocalContainerEntityManagerFactoryBean [AbstractEntityManagerFactoryBean.java:437] -- Initialized JPA EntityManagerFactory for persistence unit 'default'
2023-02-10 16:01:55,087 WARN [main] o.s.b.a.o.j.JpaBaseConfiguration$JpaWebConfiguration [JpaBaseConfiguration.java:227] -- spring.jpa.open-in-view is enabled by default. Therefore, database queries may be performed during view rendering. Explicitly configure spring.jpa.open-in-view to disable this warning
2023-02-10 16:01:55,823 INFO [main] o.a.c.h.Http11NioProtocol [DirectJDKLog.java:173] -- Starting ProtocolHandler ["http-nio-8080"]
2023-02-10 16:01:55,877 INFO [main] o.s.b.w.e.t.TomcatWebServer [TomcatWebServer.java:220] -- Tomcat started on port(s): 8080 (http) with context path '/servermock'
2023-02-10 16:02:11,852 INFO [http-nio-8080-exec-1] o.a.c.c.C.[.[.[/servermock] [DirectJDKLog.java:173] -- Initializing Spring DispatcherServlet 'dispatcherServlet'
2023-02-10 16:02:11,853 INFO [http-nio-8080-exec-1] o.s.w.s.DispatcherServlet [FrameworkServlet.java:532] -- Initializing Servlet 'dispatcherServlet'
2023-02-10 16:02:11,855 INFO [http-nio-8080-exec-1] o.s.w.s.DispatcherServlet [FrameworkServlet.java:554] -- Completed initialization in 2 ms
2023-02-10 16:03:02,153 INFO [SpringApplicationShutdownHook] o.s.o.j.LocalContainerEntityManagerFactoryBean [AbstractEntityManagerFactoryBean.java:650] -- Closing JPA EntityManagerFactory for persistence unit 'default'
2023-02-10 16:03:02,155 INFO [SpringApplicationShutdownHook] o.h.t.s.i.SchemaDropperImpl$DelayedDropActionImpl [SchemaDropperImpl.java:585] -- HHH000477: Starting delayed evictData of schema as part of SessionFactory shut-down'
2023-02-10 16:03:02,493 INFO [SpringApplicationShutdownHook] c.z.h.HikariDataSource [HikariDataSource.java:350] -- HikariPool-1 - Shutdown initiated...
2023-02-10 16:03:02,507 INFO [SpringApplicationShutdownHook] c.z.h.HikariDataSource [HikariDataSource.java:352] -- HikariPool-1 - Shutdown completed.
2023-02-10 16:03:47,319 INFO [main] o.s.d.r.c.RepositoryConfigurationDelegate [RepositoryConfigurationDelegate.java:138] -- Bootstrapping Spring Data JPA repositories in DEFAULT mode.
2023-02-10 16:03:47,431 INFO [main] o.s.d.r.c.RepositoryConfigurationDelegate [RepositoryConfigurationDelegate.java:208] -- Finished Spring Data repository scanning in 88 ms. Found 1 JPA repository interfaces.
2023-02-10 16:03:48,981 INFO [main] o.s.b.w.e.t.TomcatWebServer [TomcatWebServer.java:108] -- Tomcat initialized with port(s): 8080 (http)
2023-02-10 16:03:49,000 INFO [main] o.a.c.h.Http11NioProtocol [DirectJDKLog.java:173] -- Initializing ProtocolHandler ["http-nio-8080"]
2023-02-10 16:03:49,002 INFO [main] o.a.c.c.StandardService [DirectJDKLog.java:173] -- Starting service [Tomcat]
2023-02-10 16:03:49,003 INFO [main] o.a.c.c.StandardEngine [DirectJDKLog.java:173] -- Starting Servlet engine: [Apache Tomcat/10.1.5]
2023-02-10 16:03:49,208 INFO [main] o.a.c.c.C.[.[.[/servermock] [DirectJDKLog.java:173] -- Initializing Spring embedded WebApplicationContext
2023-02-10 16:03:49,213 INFO [main] o.s.b.w.s.c.ServletWebServerApplicationContext [ServletWebServerApplicationContext.java:291] -- Root WebApplicationContext: initialization completed in 3010 ms
2023-02-10 16:03:49,400 INFO [main] c.z.h.HikariDataSource [HikariDataSource.java:110] -- HikariPool-1 - Starting...
2023-02-10 16:03:49,849 INFO [main] c.z.h.p.HikariPool [HikariPool.java:565] -- HikariPool-1 - Added connection conn0: url=jdbc:h2:mem:learningtools user=SA
2023-02-10 16:03:49,853 INFO [main] c.z.h.HikariDataSource [HikariDataSource.java:123] -- HikariPool-1 - Start completed.
2023-02-10 16:03:49,890 INFO [main] o.s.b.a.h.H2ConsoleAutoConfiguration [H2ConsoleAutoConfiguration.java:88] -- H2 console available at '/h2-console'. Database available at 'jdbc:h2:mem:learningtools'
2023-02-10 16:03:50,138 INFO [main] o.h.j.i.u.LogHelper [LogHelper.java:31] -- HHH000204: Processing PersistenceUnitInfo [name: default]
2023-02-10 16:03:50,272 INFO [main] o.h.Version [Version.java:44] -- HHH000412: Hibernate ORM core version 6.1.6.Final
2023-02-10 16:03:50,686 WARN [main] o.h.o.deprecation [MetadataBuilderImpl.java:626] -- HHH90000021: Encountered deprecated setting [javax.persistence.sharedCache.mode], use [jakarta.persistence.sharedCache.mode] instead
2023-02-10 16:03:51,035 INFO [main] SQL dialect [DialectFactoryImpl.java:66] -- HHH000400: Using dialect: org.hibernate.dialect.H2Dialect
2023-02-10 16:03:53,275 INFO [main] o.h.e.t.j.p.i.JtaPlatformInitiator [JtaPlatformInitiator.java:51] -- HHH000490: Using JtaPlatform implementation: [org.hibernate.engine.transaction.jta.platform.internal.NoJtaPlatform]
2023-02-10 16:03:53,301 INFO [main] o.s.o.j.LocalContainerEntityManagerFactoryBean [AbstractEntityManagerFactoryBean.java:437] -- Initialized JPA EntityManagerFactory for persistence unit 'default'
2023-02-10 16:03:54,249 WARN [main] o.s.b.a.o.j.JpaBaseConfiguration$JpaWebConfiguration [JpaBaseConfiguration.java:227] -- spring.jpa.open-in-view is enabled by default. Therefore, database queries may be performed during view rendering. Explicitly configure spring.jpa.open-in-view to disable this warning
2023-02-10 16:03:55,055 INFO [main] o.a.c.h.Http11NioProtocol [DirectJDKLog.java:173] -- Starting ProtocolHandler ["http-nio-8080"]
2023-02-10 16:03:55,127 INFO [main] o.s.b.w.e.t.TomcatWebServer [TomcatWebServer.java:220] -- Tomcat started on port(s): 8080 (http) with context path '/servermock'
2023-02-10 16:03:57,799 INFO [http-nio-8080-exec-1] o.a.c.c.C.[.[.[/servermock] [DirectJDKLog.java:173] -- Initializing Spring DispatcherServlet 'dispatcherServlet'
2023-02-10 16:03:57,800 INFO [http-nio-8080-exec-1] o.s.w.s.DispatcherServlet [FrameworkServlet.java:532] -- Initializing Servlet 'dispatcherServlet'
2023-02-10 16:03:57,804 INFO [http-nio-8080-exec-1] o.s.w.s.DispatcherServlet [FrameworkServlet.java:554] -- Completed initialization in 3 ms
2023-02-10 16:09:28,804 INFO [SpringApplicationShutdownHook] o.s.o.j.LocalContainerEntityManagerFactoryBean [AbstractEntityManagerFactoryBean.java:650] -- Closing JPA EntityManagerFactory for persistence unit 'default'
2023-02-10 16:09:28,805 INFO [SpringApplicationShutdownHook] o.h.t.s.i.SchemaDropperImpl$DelayedDropActionImpl [SchemaDropperImpl.java:585] -- HHH000477: Starting delayed evictData of schema as part of SessionFactory shut-down'
2023-02-10 16:09:29,340 INFO [SpringApplicationShutdownHook] c.z.h.HikariDataSource [HikariDataSource.java:350] -- HikariPool-1 - Shutdown initiated...
2023-02-10 16:09:29,356 INFO [SpringApplicationShutdownHook] c.z.h.HikariDataSource [HikariDataSource.java:352] -- HikariPool-1 - Shutdown completed.
2023-02-10 16:09:55,314 INFO [main] o.s.d.r.c.RepositoryConfigurationDelegate [RepositoryConfigurationDelegate.java:138] -- Bootstrapping Spring Data JPA repositories in DEFAULT mode.
2023-02-10 16:09:55,448 INFO [main] o.s.d.r.c.RepositoryConfigurationDelegate [RepositoryConfigurationDelegate.java:208] -- Finished Spring Data repository scanning in 109 ms. Found 1 JPA repository interfaces.
2023-02-10 16:09:57,100 INFO [main] o.s.b.w.e.t.TomcatWebServer [TomcatWebServer.java:108] -- Tomcat initialized with port(s): 8080 (http)
2023-02-10 16:09:57,125 INFO [main] o.a.c.h.Http11NioProtocol [DirectJDKLog.java:173] -- Initializing ProtocolHandler ["http-nio-8080"]
2023-02-10 16:09:57,128 INFO [main] o.a.c.c.StandardService [DirectJDKLog.java:173] -- Starting service [Tomcat]
2023-02-10 16:09:57,130 INFO [main] o.a.c.c.StandardEngine [DirectJDKLog.java:173] -- Starting Servlet engine: [Apache Tomcat/10.1.5]
2023-02-10 16:09:57,394 INFO [main] o.a.c.c.C.[.[.[/servermock] [DirectJDKLog.java:173] -- Initializing Spring embedded WebApplicationContext
2023-02-10 16:09:57,397 INFO [main] o.s.b.w.s.c.ServletWebServerApplicationContext [ServletWebServerApplicationContext.java:291] -- Root WebApplicationContext: initialization completed in 3078 ms
2023-02-10 16:09:57,599 INFO [main] c.z.h.HikariDataSource [HikariDataSource.java:110] -- HikariPool-1 - Starting...
2023-02-10 16:09:58,132 INFO [main] c.z.h.p.HikariPool [HikariPool.java:565] -- HikariPool-1 - Added connection conn0: url=jdbc:h2:mem:learningtools user=SA
2023-02-10 16:09:58,137 INFO [main] c.z.h.HikariDataSource [HikariDataSource.java:123] -- HikariPool-1 - Start completed.
2023-02-10 16:09:58,183 INFO [main] o.s.b.a.h.H2ConsoleAutoConfiguration [H2ConsoleAutoConfiguration.java:88] -- H2 console available at '/h2-console'. Database available at 'jdbc:h2:mem:learningtools'
2023-02-10 16:09:58,468 INFO [main] o.h.j.i.u.LogHelper [LogHelper.java:31] -- HHH000204: Processing PersistenceUnitInfo [name: default]
2023-02-10 16:09:58,631 INFO [main] o.h.Version [Version.java:44] -- HHH000412: Hibernate ORM core version 6.1.6.Final
2023-02-10 16:09:59,131 WARN [main] o.h.o.deprecation [MetadataBuilderImpl.java:626] -- HHH90000021: Encountered deprecated setting [javax.persistence.sharedCache.mode], use [jakarta.persistence.sharedCache.mode] instead
2023-02-10 16:09:59,650 INFO [main] SQL dialect [DialectFactoryImpl.java:66] -- HHH000400: Using dialect: org.hibernate.dialect.H2Dialect
2023-02-10 16:10:02,459 INFO [main] o.h.e.t.j.p.i.JtaPlatformInitiator [JtaPlatformInitiator.java:51] -- HHH000490: Using JtaPlatform implementation: [org.hibernate.engine.transaction.jta.platform.internal.NoJtaPlatform]
2023-02-10 16:10:02,487 INFO [main] o.s.o.j.LocalContainerEntityManagerFactoryBean [AbstractEntityManagerFactoryBean.java:437] -- Initialized JPA EntityManagerFactory for persistence unit 'default'
2023-02-10 16:10:03,379 WARN [main] o.s.b.a.o.j.JpaBaseConfiguration$JpaWebConfiguration [JpaBaseConfiguration.java:227] -- spring.jpa.open-in-view is enabled by default. Therefore, database queries may be performed during view rendering. Explicitly configure spring.jpa.open-in-view to disable this warning
2023-02-10 16:10:04,160 INFO [main] o.a.c.h.Http11NioProtocol [DirectJDKLog.java:173] -- Starting ProtocolHandler ["http-nio-8080"]
2023-02-10 16:10:04,224 INFO [main] o.s.b.w.e.t.TomcatWebServer [TomcatWebServer.java:220] -- Tomcat started on port(s): 8080 (http) with context path '/servermock'
2023-02-10 16:10:14,340 INFO [http-nio-8080-exec-1] o.a.c.c.C.[.[.[/servermock] [DirectJDKLog.java:173] -- Initializing Spring DispatcherServlet 'dispatcherServlet'
2023-02-10 16:10:14,344 INFO [http-nio-8080-exec-1] o.s.w.s.DispatcherServlet [FrameworkServlet.java:532] -- Initializing Servlet 'dispatcherServlet'
2023-02-10 16:10:14,346 INFO [http-nio-8080-exec-1] o.s.w.s.DispatcherServlet [FrameworkServlet.java:554] -- Completed initialization in 1 ms
2023-02-10 16:13:05,095 INFO [SpringApplicationShutdownHook] o.s.o.j.LocalContainerEntityManagerFactoryBean [AbstractEntityManagerFactoryBean.java:650] -- Closing JPA EntityManagerFactory for persistence unit 'default'
2023-02-10 16:13:05,097 INFO [SpringApplicationShutdownHook] o.h.t.s.i.SchemaDropperImpl$DelayedDropActionImpl [SchemaDropperImpl.java:585] -- HHH000477: Starting delayed evictData of schema as part of SessionFactory shut-down'
2023-02-10 16:13:05,356 INFO [SpringApplicationShutdownHook] c.z.h.HikariDataSource [HikariDataSource.java:350] -- HikariPool-1 - Shutdown initiated...
2023-02-10 16:13:05,360 INFO [SpringApplicationShutdownHook] c.z.h.HikariDataSource [HikariDataSource.java:352] -- HikariPool-1 - Shutdown completed.
2023-02-10 16:18:48,315 INFO [main] o.s.d.r.c.RepositoryConfigurationDelegate [RepositoryConfigurationDelegate.java:138] -- Bootstrapping Spring Data JPA repositories in DEFAULT mode.
2023-02-10 16:18:48,446 INFO [main] o.s.d.r.c.RepositoryConfigurationDelegate [RepositoryConfigurationDelegate.java:208] -- Finished Spring Data repository scanning in 103 ms. Found 1 JPA repository interfaces.
2023-02-10 16:18:50,184 INFO [main] o.s.b.w.e.t.TomcatWebServer [TomcatWebServer.java:108] -- Tomcat initialized with port(s): 8080 (http)
2023-02-10 16:18:50,208 INFO [main] o.a.c.h.Http11NioProtocol [DirectJDKLog.java:173] -- Initializing ProtocolHandler ["http-nio-8080"]
2023-02-10 16:18:50,210 INFO [main] o.a.c.c.StandardService [DirectJDKLog.java:173] -- Starting service [Tomcat]
2023-02-10 16:18:50,212 INFO [main] o.a.c.c.StandardEngine [DirectJDKLog.java:173] -- Starting Servlet engine: [Apache Tomcat/10.1.5]
2023-02-10 16:18:50,444 INFO [main] o.a.c.c.C.[.[.[/servermock] [DirectJDKLog.java:173] -- Initializing Spring embedded WebApplicationContext
2023-02-10 16:18:50,446 INFO [main] o.s.b.w.s.c.ServletWebServerApplicationContext [ServletWebServerApplicationContext.java:291] -- Root WebApplicationContext: initialization completed in 3282 ms
2023-02-10 16:18:50,638 INFO [main] c.z.h.HikariDataSource [HikariDataSource.java:110] -- HikariPool-1 - Starting...
2023-02-10 16:18:51,188 INFO [main] c.z.h.p.HikariPool [HikariPool.java:565] -- HikariPool-1 - Added connection conn0: url=jdbc:h2:mem:learningtools user=SA
2023-02-10 16:18:51,194 INFO [main] c.z.h.HikariDataSource [HikariDataSource.java:123] -- HikariPool-1 - Start completed.
2023-02-10 16:18:51,233 INFO [main] o.s.b.a.h.H2ConsoleAutoConfiguration [H2ConsoleAutoConfiguration.java:88] -- H2 console available at '/h2-console'. Database available at 'jdbc:h2:mem:learningtools'
2023-02-10 16:18:51,527 INFO [main] o.h.j.i.u.LogHelper [LogHelper.java:31] -- HHH000204: Processing PersistenceUnitInfo [name: default]
2023-02-10 16:18:51,668 INFO [main] o.h.Version [Version.java:44] -- HHH000412: Hibernate ORM core version 6.1.6.Final
2023-02-10 16:18:52,180 WARN [main] o.h.o.deprecation [MetadataBuilderImpl.java:626] -- HHH90000021: Encountered deprecated setting [javax.persistence.sharedCache.mode], use [jakarta.persistence.sharedCache.mode] instead
2023-02-10 16:18:52,581 INFO [main] SQL dialect [DialectFactoryImpl.java:66] -- HHH000400: Using dialect: org.hibernate.dialect.H2Dialect
2023-02-10 16:18:55,185 INFO [main] o.h.e.t.j.p.i.JtaPlatformInitiator [JtaPlatformInitiator.java:51] -- HHH000490: Using JtaPlatform implementation: [org.hibernate.engine.transaction.jta.platform.internal.NoJtaPlatform]
2023-02-10 16:18:55,211 INFO [main] o.s.o.j.LocalContainerEntityManagerFactoryBean [AbstractEntityManagerFactoryBean.java:437] -- Initialized JPA EntityManagerFactory for persistence unit 'default'
2023-02-10 16:18:56,086 WARN [main] o.s.b.a.o.j.JpaBaseConfiguration$JpaWebConfiguration [JpaBaseConfiguration.java:227] -- spring.jpa.open-in-view is enabled by default. Therefore, database queries may be performed during view rendering. Explicitly configure spring.jpa.open-in-view to disable this warning
2023-02-10 16:18:56,812 INFO [main] o.a.c.h.Http11NioProtocol [DirectJDKLog.java:173] -- Starting ProtocolHandler ["http-nio-8080"]
2023-02-10 16:18:56,876 INFO [main] o.s.b.w.e.t.TomcatWebServer [TomcatWebServer.java:220] -- Tomcat started on port(s): 8080 (http) with context path '/servermock'
2023-02-10 16:20:17,341 INFO [SpringApplicationShutdownHook] o.s.o.j.LocalContainerEntityManagerFactoryBean [AbstractEntityManagerFactoryBean.java:650] -- Closing JPA EntityManagerFactory for persistence unit 'default'
2023-02-10 16:20:17,342 INFO [SpringApplicationShutdownHook] o.h.t.s.i.SchemaDropperImpl$DelayedDropActionImpl [SchemaDropperImpl.java:585] -- HHH000477: Starting delayed evictData of schema as part of SessionFactory shut-down'
2023-02-10 16:20:17,545 INFO [SpringApplicationShutdownHook] c.z.h.HikariDataSource [HikariDataSource.java:350] -- HikariPool-1 - Shutdown initiated...
2023-02-10 16:20:17,557 INFO [SpringApplicationShutdownHook] c.z.h.HikariDataSource [HikariDataSource.java:352] -- HikariPool-1 - Shutdown completed.
2023-02-10 16:20:29,286 INFO [main] o.s.d.r.c.RepositoryConfigurationDelegate [RepositoryConfigurationDelegate.java:138] -- Bootstrapping Spring Data JPA repositories in DEFAULT mode.
2023-02-10 16:20:29,400 INFO [main] o.s.d.r.c.RepositoryConfigurationDelegate [RepositoryConfigurationDelegate.java:208] -- Finished Spring Data repository scanning in 92 ms. Found 1 JPA repository interfaces.
2023-02-10 16:20:31,016 INFO [main] o.s.b.w.e.t.TomcatWebServer [TomcatWebServer.java:108] -- Tomcat initialized with port(s): 8080 (http)
2023-02-10 16:20:31,036 INFO [main] o.a.c.h.Http11NioProtocol [DirectJDKLog.java:173] -- Initializing ProtocolHandler ["http-nio-8080"]
2023-02-10 16:20:31,038 INFO [main] o.a.c.c.StandardService [DirectJDKLog.java:173] -- Starting service [Tomcat]
2023-02-10 16:20:31,040 INFO [main] o.a.c.c.StandardEngine [DirectJDKLog.java:173] -- Starting Servlet engine: [Apache Tomcat/10.1.5]
2023-02-10 16:20:31,285 INFO [main] o.a.c.c.C.[.[.[/servermock] [DirectJDKLog.java:173] -- Initializing Spring embedded WebApplicationContext
2023-02-10 16:20:31,286 INFO [main] o.s.b.w.s.c.ServletWebServerApplicationContext [ServletWebServerApplicationContext.java:291] -- Root WebApplicationContext: initialization completed in 2969 ms
2023-02-10 16:20:31,477 INFO [main] c.z.h.HikariDataSource [HikariDataSource.java:110] -- HikariPool-1 - Starting...
2023-02-10 16:20:31,956 INFO [main] c.z.h.p.HikariPool [HikariPool.java:565] -- HikariPool-1 - Added connection conn0: url=jdbc:h2:mem:learningtools user=SA
2023-02-10 16:20:31,964 INFO [main] c.z.h.HikariDataSource [HikariDataSource.java:123] -- HikariPool-1 - Start completed.
2023-02-10 16:20:32,006 INFO [main] o.s.b.a.h.H2ConsoleAutoConfiguration [H2ConsoleAutoConfiguration.java:88] -- H2 console available at '/h2-console'. Database available at 'jdbc:h2:mem:learningtools'
2023-02-10 16:20:32,281 INFO [main] o.h.j.i.u.LogHelper [LogHelper.java:31] -- HHH000204: Processing PersistenceUnitInfo [name: default]
2023-02-10 16:20:32,423 INFO [main] o.h.Version [Version.java:44] -- HHH000412: Hibernate ORM core version 6.1.6.Final
2023-02-10 16:20:32,853 WARN [main] o.h.o.deprecation [MetadataBuilderImpl.java:626] -- HHH90000021: Encountered deprecated setting [javax.persistence.sharedCache.mode], use [jakarta.persistence.sharedCache.mode] instead
2023-02-10 16:20:33,245 INFO [main] SQL dialect [DialectFactoryImpl.java:66] -- HHH000400: Using dialect: org.hibernate.dialect.H2Dialect
2023-02-10 16:20:35,552 INFO [main] o.h.e.t.j.p.i.JtaPlatformInitiator [JtaPlatformInitiator.java:51] -- HHH000490: Using JtaPlatform implementation: [org.hibernate.engine.transaction.jta.platform.internal.NoJtaPlatform]
2023-02-10 16:20:35,579 INFO [main] o.s.o.j.LocalContainerEntityManagerFactoryBean [AbstractEntityManagerFactoryBean.java:437] -- Initialized JPA EntityManagerFactory for persistence unit 'default'
2023-02-10 16:20:36,417 WARN [main] o.s.b.a.o.j.JpaBaseConfiguration$JpaWebConfiguration [JpaBaseConfiguration.java:227] -- spring.jpa.open-in-view is enabled by default. Therefore, database queries may be performed during view rendering. Explicitly configure spring.jpa.open-in-view to disable this warning
2023-02-10 16:20:37,081 WARN [main] o.s.b.w.s.c.AnnotationConfigServletWebServerApplicationContext [AbstractApplicationContext.java:592] -- Exception encountered during context initialization - cancelling refresh attempt: org.springframework.beans.factory.BeanCreationException: Error creating bean with name 'dataSourceScriptDatabaseInitializer' defined in class path resource [org/springframework/boot/autoconfigure/sql/init/DataSourceInitializationConfiguration.class]: Failed to execute SQL script statement #6 of URL [file:/C:/DEV/workspaces/ws-tuto/spring-serverwww/target/classes/data.sql]: INSERT INTO SIMPLEPERSON (id, firstName, lastName) VALUES (5, 'Basile', 'Boli')
2023-02-10 16:20:37,084 INFO [main] o.s.o.j.LocalContainerEntityManagerFactoryBean [AbstractEntityManagerFactoryBean.java:650] -- Closing JPA EntityManagerFactory for persistence unit 'default'
2023-02-10 16:20:37,085 INFO [main] o.h.t.s.i.SchemaDropperImpl$DelayedDropActionImpl [SchemaDropperImpl.java:585] -- HHH000477: Starting delayed evictData of schema as part of SessionFactory shut-down'
2023-02-10 16:20:37,106 INFO [main] c.z.h.HikariDataSource [HikariDataSource.java:350] -- HikariPool-1 - Shutdown initiated...
2023-02-10 16:20:37,112 INFO [main] c.z.h.HikariDataSource [HikariDataSource.java:352] -- HikariPool-1 - Shutdown completed.
2023-02-10 16:20:37,116 INFO [main] o.a.c.c.StandardService [DirectJDKLog.java:173] -- Stopping service [Tomcat]
2023-02-10 16:20:37,143 INFO [main] o.s.b.a.l.ConditionEvaluationReportLogger [ConditionEvaluationReportLogger.java:82] -- 

Error starting ApplicationContext. To display the condition evaluation report re-run your application with 'debug' enabled.
2023-02-10 16:20:37,189 ERROR [main] o.s.b.SpringApplication [SpringApplication.java:820] -- Application run failed
org.springframework.beans.factory.BeanCreationException: Error creating bean with name 'dataSourceScriptDatabaseInitializer' defined in class path resource [org/springframework/boot/autoconfigure/sql/init/DataSourceInitializationConfiguration.class]: Failed to execute SQL script statement #6 of URL [file:/C:/DEV/workspaces/ws-tuto/spring-serverwww/target/classes/data.sql]: INSERT INTO SIMPLEPERSON (id, firstName, lastName) VALUES (5, 'Basile', 'Boli')
	at org.springframework.beans.factory.support.AbstractAutowireCapableBeanFactory.initializeBean(AbstractAutowireCapableBeanFactory.java:1751)
	at org.springframework.beans.factory.support.AbstractAutowireCapableBeanFactory.doCreateBean(AbstractAutowireCapableBeanFactory.java:599)
	at org.springframework.beans.factory.support.AbstractAutowireCapableBeanFactory.createBean(AbstractAutowireCapableBeanFactory.java:521)
	at org.springframework.beans.factory.support.AbstractBeanFactory.lambda$doGetBean$0(AbstractBeanFactory.java:326)
	at org.springframework.beans.factory.support.DefaultSingletonBeanRegistry.getSingleton(DefaultSingletonBeanRegistry.java:234)
	at org.springframework.beans.factory.support.AbstractBeanFactory.doGetBean(AbstractBeanFactory.java:324)
	at org.springframework.beans.factory.support.AbstractBeanFactory.getBean(AbstractBeanFactory.java:200)
	at org.springframework.beans.factory.support.AbstractBeanFactory.doGetBean(AbstractBeanFactory.java:313)
	at org.springframework.beans.factory.support.AbstractBeanFactory.getBean(AbstractBeanFactory.java:200)
	at org.springframework.beans.factory.support.DefaultListableBeanFactory.preInstantiateSingletons(DefaultListableBeanFactory.java:961)
	at org.springframework.context.support.AbstractApplicationContext.finishBeanFactoryInitialization(AbstractApplicationContext.java:915)
	at org.springframework.context.support.AbstractApplicationContext.refresh(AbstractApplicationContext.java:584)
	at org.springframework.boot.web.servlet.context.ServletWebServerApplicationContext.refresh(ServletWebServerApplicationContext.java:146)
	at org.springframework.boot.SpringApplication.refresh(SpringApplication.java:730)
	at org.springframework.boot.SpringApplication.refreshContext(SpringApplication.java:432)
	at org.springframework.boot.SpringApplication.run(SpringApplication.java:308)
	at org.springframework.boot.SpringApplication.run(SpringApplication.java:1302)
	at org.springframework.boot.SpringApplication.run(SpringApplication.java:1291)
	at ppa.lab.spring.springserverwww.SpringServerwwwApplication.main(SpringServerwwwApplication.java:16)
Caused by: org.springframework.jdbc.datasource.init.ScriptStatementFailedException: Failed to execute SQL script statement #6 of URL [file:/C:/DEV/workspaces/ws-tuto/spring-serverwww/target/classes/data.sql]: INSERT INTO SIMPLEPERSON (id, firstName, lastName) VALUES (5, 'Basile', 'Boli')
	at org.springframework.jdbc.datasource.init.ScriptUtils.executeSqlScript(ScriptUtils.java:282)
	at org.springframework.jdbc.datasource.init.ResourceDatabasePopulator.populate(ResourceDatabasePopulator.java:254)
	at org.springframework.jdbc.datasource.init.DatabasePopulatorUtils.execute(DatabasePopulatorUtils.java:54)
	at org.springframework.boot.jdbc.init.DataSourceScriptDatabaseInitializer.runScripts(DataSourceScriptDatabaseInitializer.java:87)
	at org.springframework.boot.sql.init.AbstractScriptDatabaseInitializer.runScripts(AbstractScriptDatabaseInitializer.java:146)
	at org.springframework.boot.sql.init.AbstractScriptDatabaseInitializer.applyScripts(AbstractScriptDatabaseInitializer.java:108)
	at org.springframework.boot.sql.init.AbstractScriptDatabaseInitializer.applyDataScripts(AbstractScriptDatabaseInitializer.java:102)
	at org.springframework.boot.sql.init.AbstractScriptDatabaseInitializer.initializeDatabase(AbstractScriptDatabaseInitializer.java:77)
	at org.springframework.boot.sql.init.AbstractScriptDatabaseInitializer.afterPropertiesSet(AbstractScriptDatabaseInitializer.java:66)
	at org.springframework.beans.factory.support.AbstractAutowireCapableBeanFactory.invokeInitMethods(AbstractAutowireCapableBeanFactory.java:1797)
	at org.springframework.beans.factory.support.AbstractAutowireCapableBeanFactory.initializeBean(AbstractAutowireCapableBeanFactory.java:1747)
	... 18 common frames omitted
Caused by: org.h2.jdbc.JdbcSQLIntegrityConstraintViolationException: Violation d'index unique ou clé primaire: "PRIMARY KEY ON PUBLIC.SIMPLEPERSON(ID) ( /* key:5 */ CAST(5 AS BIGINT), U&'Oph\\00e9lie', 'Winter')"
Unique index or primary key violation: "PRIMARY KEY ON PUBLIC.SIMPLEPERSON(ID) ( /* key:5 */ CAST(5 AS BIGINT), U&'Oph\\00e9lie', 'Winter')"; SQL statement:
INSERT INTO SIMPLEPERSON (id, firstName, lastName) VALUES (5, 'Basile', 'Boli') [23505-214]
	at org.h2.message.DbException.getJdbcSQLException(DbException.java:508)
	at org.h2.message.DbException.getJdbcSQLException(DbException.java:477)
	at org.h2.message.DbException.get(DbException.java:223)
	at org.h2.message.DbException.get(DbException.java:199)
	at org.h2.mvstore.db.MVPrimaryIndex.add(MVPrimaryIndex.java:120)
	at org.h2.mvstore.db.MVTable.addRow(MVTable.java:519)
	at org.h2.command.dml.Insert.insertRows(Insert.java:174)
	at org.h2.command.dml.Insert.update(Insert.java:135)
	at org.h2.command.dml.DataChangeStatement.update(DataChangeStatement.java:74)
	at org.h2.command.CommandContainer.update(CommandContainer.java:169)
	at org.h2.command.Command.executeUpdate(Command.java:252)
	at org.h2.jdbc.JdbcStatement.executeInternal(JdbcStatement.java:252)
	at org.h2.jdbc.JdbcStatement.execute(JdbcStatement.java:223)
	at com.zaxxer.hikari.pool.ProxyStatement.execute(ProxyStatement.java:94)
	at com.zaxxer.hikari.pool.HikariProxyStatement.execute(HikariProxyStatement.java)
	at jdk.internal.reflect.GeneratedMethodAccessor19.invoke(Unknown Source)
	at java.base/jdk.internal.reflect.DelegatingMethodAccessorImpl.invoke(DelegatingMethodAccessorImpl.java:43)
	at java.base/java.lang.reflect.Method.invoke(Method.java:568)
	at net.ttddyy.dsproxy.proxy.StatementProxyLogic.performQueryExecutionListener(StatementProxyLogic.java:316)
	at net.ttddyy.dsproxy.proxy.StatementProxyLogic.access$700(StatementProxyLogic.java:37)
	at net.ttddyy.dsproxy.proxy.StatementProxyLogic$1.execute(StatementProxyLogic.java:123)
	at net.ttddyy.dsproxy.listener.MethodExecutionListenerUtils.invoke(MethodExecutionListenerUtils.java:42)
	at net.ttddyy.dsproxy.proxy.StatementProxyLogic.invoke(StatementProxyLogic.java:120)
	at net.ttddyy.dsproxy.proxy.jdk.StatementInvocationHandler.invoke(StatementInvocationHandler.java:34)
	at jdk.proxy2/jdk.proxy2.$Proxy107.execute(Unknown Source)
	at org.springframework.jdbc.datasource.init.ScriptUtils.executeSqlScript(ScriptUtils.java:261)
	... 28 common frames omitted
2023-02-10 16:21:07,433 INFO [main] o.s.d.r.c.RepositoryConfigurationDelegate [RepositoryConfigurationDelegate.java:138] -- Bootstrapping Spring Data JPA repositories in DEFAULT mode.
2023-02-10 16:21:07,554 INFO [main] o.s.d.r.c.RepositoryConfigurationDelegate [RepositoryConfigurationDelegate.java:208] -- Finished Spring Data repository scanning in 99 ms. Found 1 JPA repository interfaces.
2023-02-10 16:21:09,252 INFO [main] o.s.b.w.e.t.TomcatWebServer [TomcatWebServer.java:108] -- Tomcat initialized with port(s): 8080 (http)
2023-02-10 16:21:09,273 INFO [main] o.a.c.h.Http11NioProtocol [DirectJDKLog.java:173] -- Initializing ProtocolHandler ["http-nio-8080"]
2023-02-10 16:21:09,275 INFO [main] o.a.c.c.StandardService [DirectJDKLog.java:173] -- Starting service [Tomcat]
2023-02-10 16:21:09,277 INFO [main] o.a.c.c.StandardEngine [DirectJDKLog.java:173] -- Starting Servlet engine: [Apache Tomcat/10.1.5]
2023-02-10 16:21:09,503 INFO [main] o.a.c.c.C.[.[.[/servermock] [DirectJDKLog.java:173] -- Initializing Spring embedded WebApplicationContext
2023-02-10 16:21:09,504 INFO [main] o.s.b.w.s.c.ServletWebServerApplicationContext [ServletWebServerApplicationContext.java:291] -- Root WebApplicationContext: initialization completed in 3068 ms
2023-02-10 16:21:09,720 INFO [main] c.z.h.HikariDataSource [HikariDataSource.java:110] -- HikariPool-1 - Starting...
2023-02-10 16:21:10,199 INFO [main] c.z.h.p.HikariPool [HikariPool.java:565] -- HikariPool-1 - Added connection conn0: url=jdbc:h2:mem:learningtools user=SA
2023-02-10 16:21:10,204 INFO [main] c.z.h.HikariDataSource [HikariDataSource.java:123] -- HikariPool-1 - Start completed.
2023-02-10 16:21:10,245 INFO [main] o.s.b.a.h.H2ConsoleAutoConfiguration [H2ConsoleAutoConfiguration.java:88] -- H2 console available at '/h2-console'. Database available at 'jdbc:h2:mem:learningtools'
2023-02-10 16:21:10,520 INFO [main] o.h.j.i.u.LogHelper [LogHelper.java:31] -- HHH000204: Processing PersistenceUnitInfo [name: default]
2023-02-10 16:21:10,677 INFO [main] o.h.Version [Version.java:44] -- HHH000412: Hibernate ORM core version 6.1.6.Final
2023-02-10 16:21:11,115 WARN [main] o.h.o.deprecation [MetadataBuilderImpl.java:626] -- HHH90000021: Encountered deprecated setting [javax.persistence.sharedCache.mode], use [jakarta.persistence.sharedCache.mode] instead
2023-02-10 16:21:11,495 INFO [main] SQL dialect [DialectFactoryImpl.java:66] -- HHH000400: Using dialect: org.hibernate.dialect.H2Dialect
2023-02-10 16:21:13,796 INFO [main] o.h.e.t.j.p.i.JtaPlatformInitiator [JtaPlatformInitiator.java:51] -- HHH000490: Using JtaPlatform implementation: [org.hibernate.engine.transaction.jta.platform.internal.NoJtaPlatform]
2023-02-10 16:21:13,822 INFO [main] o.s.o.j.LocalContainerEntityManagerFactoryBean [AbstractEntityManagerFactoryBean.java:437] -- Initialized JPA EntityManagerFactory for persistence unit 'default'
2023-02-10 16:21:14,696 WARN [main] o.s.b.a.o.j.JpaBaseConfiguration$JpaWebConfiguration [JpaBaseConfiguration.java:227] -- spring.jpa.open-in-view is enabled by default. Therefore, database queries may be performed during view rendering. Explicitly configure spring.jpa.open-in-view to disable this warning
2023-02-10 16:21:15,492 INFO [main] o.a.c.h.Http11NioProtocol [DirectJDKLog.java:173] -- Starting ProtocolHandler ["http-nio-8080"]
2023-02-10 16:21:15,542 INFO [main] o.s.b.w.e.t.TomcatWebServer [TomcatWebServer.java:220] -- Tomcat started on port(s): 8080 (http) with context path '/servermock'
2023-02-10 16:28:27,627 INFO [http-nio-8080-exec-2] o.a.c.c.C.[.[.[/servermock] [DirectJDKLog.java:173] -- Initializing Spring DispatcherServlet 'dispatcherServlet'
2023-02-10 16:28:27,628 INFO [http-nio-8080-exec-2] o.s.w.s.DispatcherServlet [FrameworkServlet.java:532] -- Initializing Servlet 'dispatcherServlet'
2023-02-10 16:28:27,631 INFO [http-nio-8080-exec-2] o.s.w.s.DispatcherServlet [FrameworkServlet.java:554] -- Completed initialization in 2 ms
2023-02-10 17:47:55,652 INFO [SpringApplicationShutdownHook] o.s.o.j.LocalContainerEntityManagerFactoryBean [AbstractEntityManagerFactoryBean.java:650] -- Closing JPA EntityManagerFactory for persistence unit 'default'
2023-02-10 17:47:55,662 INFO [SpringApplicationShutdownHook] o.h.t.s.i.SchemaDropperImpl$DelayedDropActionImpl [SchemaDropperImpl.java:585] -- HHH000477: Starting delayed evictData of schema as part of SessionFactory shut-down'
2023-02-10 17:47:55,751 INFO [SpringApplicationShutdownHook] c.z.h.HikariDataSource [HikariDataSource.java:350] -- HikariPool-1 - Shutdown initiated...
2023-02-10 17:47:55,761 INFO [SpringApplicationShutdownHook] c.z.h.HikariDataSource [HikariDataSource.java:352] -- HikariPool-1 - Shutdown completed.
